<?xml version="1.0" encoding="UTF-8"?>
<testsuite xmlns:xsi="http://www.w3.org/2001/XMLSchema-instance" xsi:noNamespaceSchemaLocation="https://maven.apache.org/surefire/maven-surefire-plugin/xsd/surefire-test-report-3.0.xsd" version="3.0" name="tests.Gmailrunner" time="20.172" tests="4" errors="0" skipped="0" failures="0">
  <properties>
[...]
</properties>
  <testcase name="Given launch site" classname="Scenario: Validate gmail title" time="0.004"/>
  <testcase name="Then title should be &quot;Gmail&quot;" classname="Scenario: Validate gmail title" time="0"/>
  <testcase name="When close site" classname="Scenario: Validate gmail title" time="0"/>
  <testcase name="Scenario: Validate gmail title" classname="Scenario: Validate gmail title" time="0"/>
</testsuite>